<?xml version="1.0" encoding="UTF-8"?>
<!-- Generated by org.testng.reporters.JUnitReportReporter -->
<testsuite hostname="nuzrah-lap" failures="0" tests="1" name="runner.TestRunner" time="23.855" errors="0" timestamp="2023-08-11T19:16:26 IST" skipped="0">
  <testcase classname="runner.TestRunner" name="runScenario" time="23.855"/>
  <system-out/>
</testsuite> <!-- runner.TestRunner -->
