<?xml version="1.0" encoding="UTF-8"?>
<!-- Generated by org.testng.reporters.JUnitReportReporter -->
<testsuite hostname="nuzrah-lap" failures="0" tests="1" name="runner.TestRunner" time="21.108" errors="0" timestamp="2023-08-13T12:54:17 IST" skipped="0">
  <testcase classname="runner.TestRunner" name="runScenario" time="21.108"/>
  <system-out/>
</testsuite> <!-- runner.TestRunner -->
