<?xml version="1.0" encoding="UTF-8"?>
<!-- Generated by org.testng.reporters.JUnitReportReporter -->
<testsuite hostname="nuzrah-lap" failures="0" tests="1" name="runner.TestRunner" time="26.111" errors="0" timestamp="2023-08-13T21:50:03 IST" skipped="0">
  <testcase classname="runner.TestRunner" name="runScenario" time="26.111"/>
  <system-out/>
</testsuite> <!-- runner.TestRunner -->
